<?xml version="1.0" encoding="UTF-8"?>
<!-- Generated by org.testng.reporters.JUnitXMLReporter -->
<testsuite ignored="0" hostname="RJ" failures="0" tests="3" name="Default test" time="0.034" errors="0" timestamp="01 Aug 2024 22:09:51 GMT">
  <testcase classname="handsOn.TestNGAnnotations" name="Step1" time="0.007"/>
  <testcase classname="handsOn.TestNGAnnotations" name="Step2" time="0.002"/>
  <testcase classname="handsOn.TestNGAnnotations" name="Step3" time="0.001"/>
</testsuite> <!-- Default test -->
