<?xml version="1.0" encoding="UTF-8"?>
<testng-results ignored="0" total="3" passed="3" failed="0" skipped="0">
  <reporter-output>
  </reporter-output>
  <suite started-at="2024-08-01T22:09:51Z" name="Default suite" finished-at="2024-08-01T22:09:51Z" duration-ms="34">
    <groups>
    </groups>
    <test started-at="2024-08-01T22:09:51Z" name="Default test" finished-at="2024-08-01T22:09:51Z" duration-ms="34">
      <class name="handsOn.TestNGAnnotations">
        <test-method is-config="true" signature="f1()[pri:0, instance:handsOn.TestNGAnnotations@2ef14fe]" started-at="2024-08-01T22:09:51Z" name="f1" finished-at="2024-08-01T22:09:51Z" duration-ms="13" status="PASS">
          <reporter-output>
          </reporter-output>
        </test-method> <!-- f1 -->
        <test-method is-config="true" signature="f4()[pri:0, instance:handsOn.TestNGAnnotations@2ef14fe]" started-at="2024-08-01T22:09:51Z" name="f4" finished-at="2024-08-01T22:09:51Z" duration-ms="1" status="PASS">
          <reporter-output>
          </reporter-output>
        </test-method> <!-- f4 -->
        <test-method is-config="true" signature="f3()[pri:0, instance:handsOn.TestNGAnnotations@2ef14fe]" started-at="2024-08-01T22:09:51Z" name="f3" finished-at="2024-08-01T22:09:51Z" duration-ms="1" status="PASS">
          <reporter-output>
          </reporter-output>
        </test-method> <!-- f3 -->
        <test-method is-config="true" signature="f2()[pri:0, instance:handsOn.TestNGAnnotations@2ef14fe]" started-at="2024-08-01T22:09:51Z" name="f2" finished-at="2024-08-01T22:09:51Z" duration-ms="1" status="PASS">
          <reporter-output>
          </reporter-output>
        </test-method> <!-- f2 -->
        <test-method signature="Step1()[pri:0, instance:handsOn.TestNGAnnotations@2ef14fe]" started-at="2024-08-01T22:09:51Z" name="Step1" finished-at="2024-08-01T22:09:51Z" duration-ms="7" status="PASS">
          <reporter-output>
          </reporter-output>
        </test-method> <!-- Step1 -->
        <test-method is-config="true" signature="f2()[pri:0, instance:handsOn.TestNGAnnotations@2ef14fe]" started-at="2024-08-01T22:09:51Z" name="f2" finished-at="2024-08-01T22:09:51Z" duration-ms="1" status="PASS">
          <reporter-output>
          </reporter-output>
        </test-method> <!-- f2 -->
        <test-method signature="Step2()[pri:0, instance:handsOn.TestNGAnnotations@2ef14fe]" started-at="2024-08-01T22:09:51Z" name="Step2" finished-at="2024-08-01T22:09:51Z" duration-ms="2" status="PASS">
          <reporter-output>
          </reporter-output>
        </test-method> <!-- Step2 -->
        <test-method signature="Step3()[pri:0, instance:handsOn.TestNGAnnotations@2ef14fe]" started-at="2024-08-01T22:09:51Z" name="Step3" finished-at="2024-08-01T22:09:51Z" duration-ms="1" status="PASS">
          <reporter-output>
          </reporter-output>
        </test-method> <!-- Step3 -->
        <test-method is-config="true" signature="f2()[pri:0, instance:handsOn.TestNGAnnotations@2ef14fe]" started-at="2024-08-01T22:09:51Z" name="f2" finished-at="2024-08-01T22:09:51Z" duration-ms="0" status="PASS">
          <reporter-output>
          </reporter-output>
        </test-method> <!-- f2 -->
      </class> <!-- handsOn.TestNGAnnotations -->
    </test> <!-- Default test -->
  </suite> <!-- Default suite -->
</testng-results>
